2017-03-20 17:12:35,537 [INFO] from akka.event.slf4j.Slf4jLogger in application-akka.actor.default-dispatcher-7 - Slf4jLogger started
2017-03-20 17:12:40,778 [DEBUG] from play.api.libs.concurrent.ActorSystemProvider in ForkJoinPool-1-worker-1 - Starting application default Akka system: application
2017-03-20 17:12:40,863 [INFO] from play.api.Play in ForkJoinPool-1-worker-1 - Application started (Dev)
2017-03-20 17:12:41,008 [INFO] from actors.ClientSocket in application-akka.actor.default-dispatcher-6 - subscribed to: json
2017-03-20 17:13:37,118 [DEBUG] from play.api.libs.concurrent.ActorSystemProvider in application-akka.actor.default-dispatcher-2 - Shutdown application default Akka system: application
2017-03-20 17:13:42,295 [INFO] from akka.event.slf4j.Slf4jLogger in application-akka.actor.default-dispatcher-4 - Slf4jLogger started
2017-03-20 17:13:42,313 [DEBUG] from play.api.libs.concurrent.ActorSystemProvider in application-akka.actor.default-dispatcher-2 - Starting application default Akka system: application
2017-03-20 17:13:42,334 [INFO] from play.api.Play in application-akka.actor.default-dispatcher-2 - Application started (Dev)
2017-03-20 17:13:42,372 [INFO] from actors.ClientSocket in application-akka.actor.default-dispatcher-4 - subscribed to: json
2017-03-20 17:14:45,017 [DEBUG] from play.api.libs.concurrent.ActorSystemProvider in application-akka.actor.default-dispatcher-17 - Shutdown application default Akka system: application
2017-03-20 17:14:50,135 [INFO] from akka.event.slf4j.Slf4jLogger in application-akka.actor.default-dispatcher-2 - Slf4jLogger started
2017-03-20 17:14:50,152 [DEBUG] from play.api.libs.concurrent.ActorSystemProvider in application-akka.actor.default-dispatcher-17 - Starting application default Akka system: application
2017-03-20 17:14:50,162 [INFO] from play.api.Play in application-akka.actor.default-dispatcher-17 - Application started (Dev)
2017-03-20 17:14:50,175 [INFO] from actors.ClientSocket in application-akka.actor.default-dispatcher-4 - subscribed to: json
2017-03-20 17:18:04,651 [DEBUG] from play.api.libs.concurrent.ActorSystemProvider in application-akka.actor.default-dispatcher-18 - Shutdown application default Akka system: application
2017-03-20 17:18:09,763 [INFO] from akka.event.slf4j.Slf4jLogger in application-akka.actor.default-dispatcher-4 - Slf4jLogger started
2017-03-20 17:18:09,777 [DEBUG] from play.api.libs.concurrent.ActorSystemProvider in application-akka.actor.default-dispatcher-18 - Starting application default Akka system: application
2017-03-20 17:18:09,796 [INFO] from play.api.Play in application-akka.actor.default-dispatcher-18 - Application started (Dev)
2017-03-20 17:18:09,808 [INFO] from actors.ClientSocket in application-akka.actor.default-dispatcher-2 - subscribed to: json
2017-03-20 17:18:55,307 [DEBUG] from play.api.libs.concurrent.ActorSystemProvider in application-akka.actor.default-dispatcher-16 - Shutdown application default Akka system: application
2017-03-20 17:19:00,415 [INFO] from akka.event.slf4j.Slf4jLogger in application-akka.actor.default-dispatcher-4 - Slf4jLogger started
2017-03-20 17:19:00,437 [DEBUG] from play.api.libs.concurrent.ActorSystemProvider in application-akka.actor.default-dispatcher-16 - Starting application default Akka system: application
2017-03-20 17:19:00,457 [INFO] from play.api.Play in application-akka.actor.default-dispatcher-16 - Application started (Dev)
2017-03-20 17:19:00,467 [INFO] from actors.ClientSocket in application-akka.actor.default-dispatcher-15 - subscribed to: json
2017-03-20 17:20:30,599 [DEBUG] from play.api.libs.concurrent.ActorSystemProvider in pool-4-thread-3 - Shutdown application default Akka system: application
